<?xml version="1.0" encoding="UTF-8"?>
<!-- Generated by org.testng.reporters.JUnitReportReporter -->
<testsuite skipped="0" hostname="DESKTOP-EJ5JCN7" name="com.qanvn.tests.GetAPITest" tests="1" failures="0" timestamp="04 Sep 2018 01:02:54 GMT" time="1.329" errors="0">
  <testcase name="getAPITest" time="1.329" classname="com.qanvn.tests.GetAPITest"/>
</testsuite> <!-- com.qanvn.tests.GetAPITest -->
